<?xml version="1.0" encoding="UTF-8"?>
<!-- Generated by org.testng.reporters.JUnitReportReporter -->
<testsuite hostname="valentinedeMacBook-Pro.local" name="com.test.Test_LeftNavigation" tests="1" failures="0" timestamp="10 Jul 2017 12:47:20 GMT" time="24.630" errors="0">
  <testcase name="testLeftNavigation" time="24.630" classname="com.test.Test_LeftNavigation"/>
</testsuite> <!-- com.test.Test_LeftNavigation -->
