<?xml version="1.0" encoding="UTF-8"?>
<!-- Generated by org.testng.reporters.JUnitReportReporter -->
<testsuite hostname="valentinedeMacBook-Pro.local" name="com.test.Test_Login" tests="2" failures="0" timestamp="4 Jul 2017 13:53:15 GMT" time="43.021" errors="0">
  <testcase name="testLogin" time="23.312" classname="com.test.Test_Login"/>
  <testcase name="testLoginError" time="19.709" classname="com.test.Test_Login"/>
</testsuite> <!-- com.test.Test_Login -->
