<?xml version="1.0" encoding="UTF-8"?>
<!-- Generated by org.testng.reporters.JUnitReportReporter -->
<testsuite hostname="valentinedeMacBook-Pro.local" name="com.test.Test_HotTab" tests="1" failures="0" timestamp="9 Jul 2017 08:20:25 GMT" time="21.291" errors="0">
  <testcase name="testHotTab" time="21.291" classname="com.test.Test_HotTab"/>
</testsuite> <!-- com.test.Test_HotTab -->
