<?xml version="1.0" encoding="UTF-8"?>
<!-- Generated by org.testng.reporters.JUnitReportReporter -->
<testsuite hostname="valentinedeMacBook-Pro.local" name="com.test.Test_Search" tests="1" failures="0" timestamp="6 Jul 2017 12:16:44 GMT" time="4.060" errors="0">
  <testcase name="testSearch" time="4.060" classname="com.test.Test_Search"/>
</testsuite> <!-- com.test.Test_Search -->
